# JRE version: OpenJDK Runtime Environment Temurin-21.0.6+7 (21.0.6+7) (build 21.0.6+7-LTS)
# Java VM: OpenJDK 64-Bit Server VM Temurin-21.0.6+7 (21.0.6+7-LTS, mixed mode, sharing, tiered, compressed oops, compressed class ptrs, parallel gc, windows-amd64)
GC Precious Log:
 CardTable entry size: 512
 CPUs: 20 total, 20 available
 Memory: 7880M
 Large Page Support: Disabled
 NUMA Support: Disabled
 Compressed Oops: Enabled (32-bit)
 Alignments: Space 512K, Generation 512K, Heap 2M
 Heap Min Capacity: 100M
 Heap Initial Capacity: 100M
 Heap Max Capacity: 1G
 Pre-touch: Disabled
 Parallel Workers: 15
Heap:
 PSYoungGen      total 6144K, used 5686K [0x00000000eab00000, 0x00000000eb200000, 0x0000000100000000)
  eden space 5120K, 100% used [0x00000000eab00000,0x00000000eb000000,0x00000000eb000000)
  from space 1024K, 55% used [0x00000000eb100000,0x00000000eb18da88,0x00000000eb200000)
  to   space 1024K, 100% used [0x00000000eb000000,0x00000000eb100000,0x00000000eb100000)
 ParOldGen       total 564736K, used 564472K [0x00000000c0000000, 0x00000000e2780000, 0x00000000eab00000)
  object space 564736K, 99% used [0x00000000c0000000,0x00000000e273e218,0x00000000e2780000)
 Metaspace       used 63452K, committed 64960K, reserved 1114112K
  class space    used 6450K, committed 7104K, reserved 1048576K
GC Heap History (20 events):
Event: 36.246 GC heap before
{Heap before GC invocations=1577 (full 4):
 PSYoungGen      total 6144K, used 5600K [0x00000000eab00000, 0x00000000eb200000, 0x0000000100000000)
  eden space 5120K, 100% used [0x00000000eab00000,0x00000000eb000000,0x00000000eb000000)
  from space 1024K, 46% used [0x00000000eb100000,0x00000000eb178000,0x00000000eb200000)
  to   space 1024K, 0% used [0x00000000eb000000,0x00000000eb000000,0x00000000eb100000)
 ParOldGen       total 560640K, used 560371K [0x00000000c0000000, 0x00000000e2380000, 0x00000000eab00000)
  object space 560640K, 99% used [0x00000000c0000000,0x00000000e233cc88,0x00000000e2380000)
 Metaspace       used 63277K, committed 64704K, reserved 1114112K
  class space    used 6436K, committed 7040K, reserved 1048576K
}
Event: 36.248 GC heap after
{Heap after GC invocations=1577 (full 4):
 PSYoungGen      total 6144K, used 595K [0x00000000eab00000, 0x00000000eb200000, 0x0000000100000000)
  eden space 5120K, 0% used [0x00000000eab00000,0x00000000eab00000,0x00000000eb000000)
  from space 1024K, 58% used [0x00000000eb000000,0x00000000eb094e98,0x00000000eb100000)
  to   space 1024K, 0% used [0x00000000eb100000,0x00000000eb100000,0x00000000eb200000)
 ParOldGen       total 560640K, used 560578K [0x00000000c0000000, 0x00000000e2380000, 0x00000000eab00000)
  object space 560640K, 99% used [0x00000000c0000000,0x00000000e2370838,0x00000000e2380000)
 Metaspace       used 63277K, committed 64704K, reserved 1114112K
  class space    used 6436K, committed 7040K, reserved 1048576K
}
Event: 36.269 GC heap before
{Heap before GC invocations=1578 (full 4):
 PSYoungGen      total 6144K, used 5715K [0x00000000eab00000, 0x00000000eb200000, 0x0000000100000000)
  eden space 5120K, 100% used [0x00000000eab00000,0x00000000eb000000,0x00000000eb000000)
  from space 1024K, 58% used [0x00000000eb000000,0x00000000eb094e98,0x00000000eb100000)
  to   space 1024K, 0% used [0x00000000eb100000,0x00000000eb100000,0x00000000eb200000)
 ParOldGen       total 560640K, used 560578K [0x00000000c0000000, 0x00000000e2380000, 0x00000000eab00000)
  object space 560640K, 99% used [0x00000000c0000000,0x00000000e2370838,0x00000000e2380000)
 Metaspace       used 63278K, committed 64704K, reserved 1114112K
  class space    used 6436K, committed 7040K, reserved 1048576K
}
Event: 36.271 GC heap after
{Heap after GC invocations=1578 (full 4):
 PSYoungGen      total 6144K, used 697K [0x00000000eab00000, 0x00000000eb200000, 0x0000000100000000)
  eden space 5120K, 0% used [0x00000000eab00000,0x00000000eab00000,0x00000000eb000000)
  from space 1024K, 68% used [0x00000000eb100000,0x00000000eb1ae790,0x00000000eb200000)
  to   space 1024K, 0% used [0x00000000eb000000,0x00000000eb000000,0x00000000eb100000)
 ParOldGen       total 561152K, used 560879K [0x00000000c0000000, 0x00000000e2400000, 0x00000000eab00000)
  object space 561152K, 99% used [0x00000000c0000000,0x00000000e23bbca0,0x00000000e2400000)
 Metaspace       used 63278K, committed 64704K, reserved 1114112K
  class space    used 6436K, committed 7040K, reserved 1048576K
}
Event: 36.310 GC heap before
{Heap before GC invocations=1579 (full 4):
 PSYoungGen      total 6144K, used 5817K [0x00000000eab00000, 0x00000000eb200000, 0x0000000100000000)
  eden space 5120K, 100% used [0x00000000eab00000,0x00000000eb000000,0x00000000eb000000)
  from space 1024K, 68% used [0x00000000eb100000,0x00000000eb1ae790,0x00000000eb200000)
  to   space 1024K, 0% used [0x00000000eb000000,0x00000000eb000000,0x00000000eb100000)
 ParOldGen       total 561152K, used 560879K [0x00000000c0000000, 0x00000000e2400000, 0x00000000eab00000)
  object space 561152K, 99% used [0x00000000c0000000,0x00000000e23bbca0,0x00000000e2400000)
 Metaspace       used 63283K, committed 64704K, reserved 1114112K
  class space    used 6436K, committed 7040K, reserved 1048576K
}
Event: 36.312 GC heap after
{Heap after GC invocations=1579 (full 4):
 PSYoungGen      total 6144K, used 512K [0x00000000eab00000, 0x00000000eb200000, 0x0000000100000000)
  eden space 5120K, 0% used [0x00000000eab00000,0x00000000eab00000,0x00000000eb000000)
  from space 1024K, 50% used [0x00000000eb000000,0x00000000eb080000,0x00000000eb100000)
  to   space 1024K, 0% used [0x00000000eb100000,0x00000000eb100000,0x00000000eb200000)
 ParOldGen       total 561664K, used 561269K [0x00000000c0000000, 0x00000000e2480000, 0x00000000eab00000)
  object space 561664K, 99% used [0x00000000c0000000,0x00000000e241d708,0x00000000e2480000)
 Metaspace       used 63283K, committed 64704K, reserved 1114112K
  class space    used 6436K, committed 7040K, reserved 1048576K
}
Event: 36.335 GC heap before
{Heap before GC invocations=1580 (full 4):
 PSYoungGen      total 6144K, used 5632K [0x00000000eab00000, 0x00000000eb200000, 0x0000000100000000)
  eden space 5120K, 100% used [0x00000000eab00000,0x00000000eb000000,0x00000000eb000000)
  from space 1024K, 50% used [0x00000000eb000000,0x00000000eb080000,0x00000000eb100000)
  to   space 1024K, 0% used [0x00000000eb100000,0x00000000eb100000,0x00000000eb200000)
 ParOldGen       total 561664K, used 561269K [0x00000000c0000000, 0x00000000e2480000, 0x00000000eab00000)
  object space 561664K, 99% used [0x00000000c0000000,0x00000000e241d708,0x00000000e2480000)
 Metaspace       used 63283K, committed 64704K, reserved 1114112K
  class space    used 6436K, committed 7040K, reserved 1048576K
}
Event: 36.336 GC heap after
{Heap after GC invocations=1580 (full 4):
 PSYoungGen      total 6144K, used 600K [0x00000000eab00000, 0x00000000eb200000, 0x0000000100000000)
  eden space 5120K, 0% used [0x00000000eab00000,0x00000000eab00000,0x00000000eb000000)
  from space 1024K, 58% used [0x00000000eb100000,0x00000000eb1961a0,0x00000000eb200000)
  to   space 1024K, 0% used [0x00000000eb000000,0x00000000eb000000,0x00000000eb100000)
 ParOldGen       total 561664K, used 561602K [0x00000000c0000000, 0x00000000e2480000, 0x00000000eab00000)
  object space 561664K, 99% used [0x00000000c0000000,0x00000000e2470aa0,0x00000000e2480000)
 Metaspace       used 63283K, committed 64704K, reserved 1114112K
  class space    used 6436K, committed 7040K, reserved 1048576K
}
Event: 36.353 GC heap before
{Heap before GC invocations=1581 (full 4):
 PSYoungGen      total 6144K, used 5720K [0x00000000eab00000, 0x00000000eb200000, 0x0000000100000000)
  eden space 5120K, 100% used [0x00000000eab00000,0x00000000eb000000,0x00000000eb000000)
  from space 1024K, 58% used [0x00000000eb100000,0x00000000eb1961a0,0x00000000eb200000)
  to   space 1024K, 0% used [0x00000000eb000000,0x00000000eb000000,0x00000000eb100000)
 ParOldGen       total 561664K, used 561602K [0x00000000c0000000, 0x00000000e2480000, 0x00000000eab00000)
  object space 561664K, 99% used [0x00000000c0000000,0x00000000e2470aa0,0x00000000e2480000)
 Metaspace       used 63283K, committed 64704K, reserved 1114112K
  class space    used 6436K, committed 7040K, reserved 1048576K
}
Event: 36.355 GC heap after
{Heap after GC invocations=1581 (full 4):
 PSYoungGen      total 6144K, used 560K [0x00000000eab00000, 0x00000000eb200000, 0x0000000100000000)
  eden space 5120K, 0% used [0x00000000eab00000,0x00000000eab00000,0x00000000eb000000)
  from space 1024K, 54% used [0x00000000eb000000,0x00000000eb08c3d8,0x00000000eb100000)
  to   space 1024K, 0% used [0x00000000eb100000,0x00000000eb100000,0x00000000eb200000)
 ParOldGen       total 562176K, used 561909K [0x00000000c0000000, 0x00000000e2500000, 0x00000000eab00000)
  object space 562176K, 99% used [0x00000000c0000000,0x00000000e24bd4d0,0x00000000e2500000)
 Metaspace       used 63283K, committed 64704K, reserved 1114112K
  class space    used 6436K, committed 7040K, reserved 1048576K
}
Event: 36.377 GC heap before
{Heap before GC invocations=1582 (full 4):
 PSYoungGen      total 6144K, used 5680K [0x00000000eab00000, 0x00000000eb200000, 0x0000000100000000)
  eden space 5120K, 100% used [0x00000000eab00000,0x00000000eb000000,0x00000000eb000000)
  from space 1024K, 54% used [0x00000000eb000000,0x00000000eb08c3d8,0x00000000eb100000)
  to   space 1024K, 0% used [0x00000000eb100000,0x00000000eb100000,0x00000000eb200000)
 ParOldGen       total 562176K, used 561909K [0x00000000c0000000, 0x00000000e2500000, 0x00000000eab00000)
  object space 562176K, 99% used [0x00000000c0000000,0x00000000e24bd4d0,0x00000000e2500000)
 Metaspace       used 63291K, committed 64704K, reserved 1114112K
  class space    used 6436K, committed 7040K, reserved 1048576K
}
Event: 36.378 GC heap after
{Heap after GC invocations=1582 (full 4):
 PSYoungGen      total 6144K, used 559K [0x00000000eab00000, 0x00000000eb200000, 0x0000000100000000)
  eden space 5120K, 0% used [0x00000000eab00000,0x00000000eab00000,0x00000000eb000000)
  from space 1024K, 54% used [0x00000000eb100000,0x00000000eb18be10,0x00000000eb200000)
  to   space 1024K, 0% used [0x00000000eb000000,0x00000000eb000000,0x00000000eb100000)
 ParOldGen       total 562688K, used 562184K [0x00000000c0000000, 0x00000000e2580000, 0x00000000eab00000)
  object space 562688K, 99% used [0x00000000c0000000,0x00000000e25021a8,0x00000000e2580000)
 Metaspace       used 63291K, committed 64704K, reserved 1114112K
  class space    used 6436K, committed 7040K, reserved 1048576K
}
Event: 36.391 GC heap before
{Heap before GC invocations=1583 (full 4):
 PSYoungGen      total 6144K, used 5679K [0x00000000eab00000, 0x00000000eb200000, 0x0000000100000000)
  eden space 5120K, 100% used [0x00000000eab00000,0x00000000eb000000,0x00000000eb000000)
  from space 1024K, 54% used [0x00000000eb100000,0x00000000eb18be10,0x00000000eb200000)
  to   space 1024K, 0% used [0x00000000eb000000,0x00000000eb000000,0x00000000eb100000)
 ParOldGen       total 562688K, used 562184K [0x00000000c0000000, 0x00000000e2580000, 0x00000000eab00000)
  object space 562688K, 99% used [0x00000000c0000000,0x00000000e25021a8,0x00000000e2580000)
 Metaspace       used 63291K, committed 64704K, reserved 1114112K
  class space    used 6436K, committed 7040K, reserved 1048576K
}
Event: 36.394 GC heap after
{Heap after GC invocations=1583 (full 4):
 PSYoungGen      total 6144K, used 607K [0x00000000eab00000, 0x00000000eb200000, 0x0000000100000000)
  eden space 5120K, 0% used [0x00000000eab00000,0x00000000eab00000,0x00000000eb000000)
  from space 1024K, 59% used [0x00000000eb000000,0x00000000eb097fd0,0x00000000eb100000)
  to   space 1024K, 0% used [0x00000000eb100000,0x00000000eb100000,0x00000000eb200000)
 ParOldGen       total 562688K, used 562495K [0x00000000c0000000, 0x00000000e2580000, 0x00000000eab00000)
  object space 562688K, 99% used [0x00000000c0000000,0x00000000e254fe40,0x00000000e2580000)
 Metaspace       used 63291K, committed 64704K, reserved 1114112K
  class space    used 6436K, committed 7040K, reserved 1048576K
}
Event: 36.425 GC heap before
{Heap before GC invocations=1584 (full 4):
 PSYoungGen      total 6144K, used 5727K [0x00000000eab00000, 0x00000000eb200000, 0x0000000100000000)
  eden space 5120K, 100% used [0x00000000eab00000,0x00000000eb000000,0x00000000eb000000)
  from space 1024K, 59% used [0x00000000eb000000,0x00000000eb097fd0,0x00000000eb100000)
  to   space 1024K, 0% used [0x00000000eb100000,0x00000000eb100000,0x00000000eb200000)
 ParOldGen       total 562688K, used 562495K [0x00000000c0000000, 0x00000000e2580000, 0x00000000eab00000)
  object space 562688K, 99% used [0x00000000c0000000,0x00000000e254fe40,0x00000000e2580000)
 Metaspace       used 63292K, committed 64704K, reserved 1114112K
  class space    used 6436K, committed 7040K, reserved 1048576K
}
Event: 36.429 GC heap after
{Heap after GC invocations=1584 (full 4):
 PSYoungGen      total 6144K, used 669K [0x00000000eab00000, 0x00000000eb200000, 0x0000000100000000)
  eden space 5120K, 0% used [0x00000000eab00000,0x00000000eab00000,0x00000000eb000000)
  from space 1024K, 65% used [0x00000000eb100000,0x00000000eb1a7698,0x00000000eb200000)
  to   space 1024K, 0% used [0x00000000eb000000,0x00000000eb000000,0x00000000eb100000)
 ParOldGen       total 564224K, used 563591K [0x00000000c0000000, 0x00000000e2700000, 0x00000000eab00000)
  object space 564224K, 99% used [0x00000000c0000000,0x00000000e2661f88,0x00000000e2700000)
 Metaspace       used 63292K, committed 64704K, reserved 1114112K
  class space    used 6436K, committed 7040K, reserved 1048576K
}
Event: 36.447 GC heap before
{Heap before GC invocations=1585 (full 4):
 PSYoungGen      total 6144K, used 5789K [0x00000000eab00000, 0x00000000eb200000, 0x0000000100000000)
  eden space 5120K, 100% used [0x00000000eab00000,0x00000000eb000000,0x00000000eb000000)
  from space 1024K, 65% used [0x00000000eb100000,0x00000000eb1a7698,0x00000000eb200000)
  to   space 1024K, 0% used [0x00000000eb000000,0x00000000eb000000,0x00000000eb100000)
 ParOldGen       total 564224K, used 563591K [0x00000000c0000000, 0x00000000e2700000, 0x00000000eab00000)
  object space 564224K, 99% used [0x00000000c0000000,0x00000000e2661f88,0x00000000e2700000)
 Metaspace       used 63292K, committed 64704K, reserved 1114112K
  class space    used 6436K, committed 7040K, reserved 1048576K
}
Event: 36.448 GC heap after
{Heap after GC invocations=1585 (full 4):
 PSYoungGen      total 6144K, used 543K [0x00000000eab00000, 0x00000000eb200000, 0x0000000100000000)
  eden space 5120K, 0% used [0x00000000eab00000,0x00000000eab00000,0x00000000eb000000)
  from space 1024K, 53% used [0x00000000eb000000,0x00000000eb087ff0,0x00000000eb100000)
  to   space 1024K, 0% used [0x00000000eb100000,0x00000000eb100000,0x00000000eb200000)
 ParOldGen       total 564224K, used 563934K [0x00000000c0000000, 0x00000000e2700000, 0x00000000eab00000)
  object space 564224K, 99% used [0x00000000c0000000,0x00000000e26b7838,0x00000000e2700000)
 Metaspace       used 63292K, committed 64704K, reserved 1114112K
  class space    used 6436K, committed 7040K, reserved 1048576K
}
Event: 36.466 GC heap before
{Heap before GC invocations=1586 (full 4):
 PSYoungGen      total 6144K, used 5663K [0x00000000eab00000, 0x00000000eb200000, 0x0000000100000000)
  eden space 5120K, 100% used [0x00000000eab00000,0x00000000eb000000,0x00000000eb000000)
  from space 1024K, 53% used [0x00000000eb000000,0x00000000eb087ff0,0x00000000eb100000)
  to   space 1024K, 0% used [0x00000000eb100000,0x00000000eb100000,0x00000000eb200000)
 ParOldGen       total 564224K, used 563934K [0x00000000c0000000, 0x00000000e2700000, 0x00000000eab00000)
  object space 564224K, 99% used [0x00000000c0000000,0x00000000e26b7838,0x00000000e2700000)
 Metaspace       used 63292K, committed 64704K, reserved 1114112K
  class space    used 6436K, committed 7040K, reserved 1048576K
}
Event: 36.467 GC heap after
{Heap after GC invocations=1586 (full 4):
 PSYoungGen      total 6144K, used 566K [0x00000000eab00000, 0x00000000eb200000, 0x0000000100000000)
  eden space 5120K, 0% used [0x00000000eab00000,0x00000000eab00000,0x00000000eb000000)
  from space 1024K, 55% used [0x00000000eb100000,0x00000000eb18da88,0x00000000eb200000)
  to   space 1024K, 0% used [0x00000000eb000000,0x00000000eb000000,0x00000000eb100000)
 ParOldGen       total 564224K, used 564204K [0x00000000c0000000, 0x00000000e2700000, 0x00000000eab00000)
  object space 564224K, 99% used [0x00000000c0000000,0x00000000e26fb350,0x00000000e2700000)
 Metaspace       used 63292K, committed 64704K, reserved 1114112K
  class space    used 6436K, committed 7040K, reserved 1048576K
}

