# JRE version: OpenJDK Runtime Environment Temurin-21.0.6+7 (21.0.6+7) (build 21.0.6+7-LTS)
# Java VM: OpenJDK 64-Bit Server VM Temurin-21.0.6+7 (21.0.6+7-LTS, mixed mode, sharing, tiered, compressed oops, compressed class ptrs, parallel gc, windows-amd64)
GC Precious Log:
 CardTable entry size: 512
 CPUs: 20 total, 20 available
 Memory: 7880M
 Large Page Support: Disabled
 NUMA Support: Disabled
 Compressed Oops: Enabled (32-bit)
 Alignments: Space 512K, Generation 512K, Heap 2M
 Heap Min Capacity: 100M
 Heap Initial Capacity: 100M
 Heap Max Capacity: 1G
 Pre-touch: Disabled
 Parallel Workers: 15
Heap:
 PSYoungGen      total 14336K, used 11735K [0x00000000eab00000, 0x00000000ebb00000, 0x0000000100000000)
  eden space 12800K, 83% used [0x00000000eab00000,0x00000000eb56e608,0x00000000eb780000)
  from space 1536K, 68% used [0x00000000eb980000,0x00000000eba87668,0x00000000ebb00000)
  to   space 1536K, 0% used [0x00000000eb800000,0x00000000eb800000,0x00000000eb980000)
 ParOldGen       total 68608K, used 64740K [0x00000000c0000000, 0x00000000c4300000, 0x00000000eab00000)
  object space 68608K, 94% used [0x00000000c0000000,0x00000000c3f39208,0x00000000c4300000)
 Metaspace       used 67157K, committed 68544K, reserved 1114112K
  class space    used 7061K, committed 7680K, reserved 1048576K
GC Heap History (20 events):
Event: 70.533 GC heap before
{Heap before GC invocations=51 (full 3):
 PSYoungGen      total 16896K, used 16871K [0x00000000eab00000, 0x00000000ebe80000, 0x0000000100000000)
  eden space 15872K, 100% used [0x00000000eab00000,0x00000000eba80000,0x00000000eba80000)
  from space 1024K, 97% used [0x00000000ebb80000,0x00000000ebc79c88,0x00000000ebc80000)
  to   space 2048K, 0% used [0x00000000ebc80000,0x00000000ebc80000,0x00000000ebe80000)
 ParOldGen       total 68608K, used 50925K [0x00000000c0000000, 0x00000000c4300000, 0x00000000eab00000)
  object space 68608K, 74% used [0x00000000c0000000,0x00000000c31bb698,0x00000000c4300000)
 Metaspace       used 65751K, committed 67072K, reserved 1114112K
  class space    used 6915K, committed 7488K, reserved 1048576K
}
Event: 70.534 GC heap after
{Heap after GC invocations=51 (full 3):
 PSYoungGen      total 17408K, used 1384K [0x00000000eab00000, 0x00000000ebe00000, 0x0000000100000000)
  eden space 15872K, 0% used [0x00000000eab00000,0x00000000eab00000,0x00000000eba80000)
  from space 1536K, 90% used [0x00000000ebc80000,0x00000000ebdda1f0,0x00000000ebe00000)
  to   space 1536K, 0% used [0x00000000ebb00000,0x00000000ebb00000,0x00000000ebc80000)
 ParOldGen       total 68608K, used 51849K [0x00000000c0000000, 0x00000000c4300000, 0x00000000eab00000)
  object space 68608K, 75% used [0x00000000c0000000,0x00000000c32a2728,0x00000000c4300000)
 Metaspace       used 65751K, committed 67072K, reserved 1114112K
  class space    used 6915K, committed 7488K, reserved 1048576K
}
Event: 70.565 GC heap before
{Heap before GC invocations=52 (full 3):
 PSYoungGen      total 17408K, used 17256K [0x00000000eab00000, 0x00000000ebe00000, 0x0000000100000000)
  eden space 15872K, 100% used [0x00000000eab00000,0x00000000eba80000,0x00000000eba80000)
  from space 1536K, 90% used [0x00000000ebc80000,0x00000000ebdda1f0,0x00000000ebe00000)
  to   space 1536K, 0% used [0x00000000ebb00000,0x00000000ebb00000,0x00000000ebc80000)
 ParOldGen       total 68608K, used 51849K [0x00000000c0000000, 0x00000000c4300000, 0x00000000eab00000)
  object space 68608K, 75% used [0x00000000c0000000,0x00000000c32a2728,0x00000000c4300000)
 Metaspace       used 65901K, committed 67328K, reserved 1114112K
  class space    used 6924K, committed 7552K, reserved 1048576K
}
Event: 70.567 GC heap after
{Heap after GC invocations=52 (full 3):
 PSYoungGen      total 16384K, used 480K [0x00000000eab00000, 0x00000000ebd00000, 0x0000000100000000)
  eden space 15872K, 0% used [0x00000000eab00000,0x00000000eab00000,0x00000000eba80000)
  from space 512K, 93% used [0x00000000ebb00000,0x00000000ebb78000,0x00000000ebb80000)
  to   space 1024K, 0% used [0x00000000ebc00000,0x00000000ebc00000,0x00000000ebd00000)
 ParOldGen       total 68608K, used 53089K [0x00000000c0000000, 0x00000000c4300000, 0x00000000eab00000)
  object space 68608K, 77% used [0x00000000c0000000,0x00000000c33d8658,0x00000000c4300000)
 Metaspace       used 65901K, committed 67328K, reserved 1114112K
  class space    used 6924K, committed 7552K, reserved 1048576K
}
Event: 70.619 GC heap before
{Heap before GC invocations=53 (full 3):
 PSYoungGen      total 16384K, used 16352K [0x00000000eab00000, 0x00000000ebd00000, 0x0000000100000000)
  eden space 15872K, 100% used [0x00000000eab00000,0x00000000eba80000,0x00000000eba80000)
  from space 512K, 93% used [0x00000000ebb00000,0x00000000ebb78000,0x00000000ebb80000)
  to   space 1024K, 0% used [0x00000000ebc00000,0x00000000ebc00000,0x00000000ebd00000)
 ParOldGen       total 68608K, used 53089K [0x00000000c0000000, 0x00000000c4300000, 0x00000000eab00000)
  object space 68608K, 77% used [0x00000000c0000000,0x00000000c33d8658,0x00000000c4300000)
 Metaspace       used 65986K, committed 67392K, reserved 1114112K
  class space    used 6926K, committed 7552K, reserved 1048576K
}
Event: 70.621 GC heap after
{Heap after GC invocations=53 (full 3):
 PSYoungGen      total 16384K, used 1000K [0x00000000eab00000, 0x00000000ebe80000, 0x0000000100000000)
  eden space 15360K, 0% used [0x00000000eab00000,0x00000000eab00000,0x00000000eba00000)
  from space 1024K, 97% used [0x00000000ebc00000,0x00000000ebcfa000,0x00000000ebd00000)
  to   space 2048K, 0% used [0x00000000eba00000,0x00000000eba00000,0x00000000ebc00000)
 ParOldGen       total 68608K, used 53633K [0x00000000c0000000, 0x00000000c4300000, 0x00000000eab00000)
  object space 68608K, 78% used [0x00000000c0000000,0x00000000c3460658,0x00000000c4300000)
 Metaspace       used 65986K, committed 67392K, reserved 1114112K
  class space    used 6926K, committed 7552K, reserved 1048576K
}
Event: 70.642 GC heap before
{Heap before GC invocations=54 (full 3):
 PSYoungGen      total 16384K, used 16360K [0x00000000eab00000, 0x00000000ebe80000, 0x0000000100000000)
  eden space 15360K, 100% used [0x00000000eab00000,0x00000000eba00000,0x00000000eba00000)
  from space 1024K, 97% used [0x00000000ebc00000,0x00000000ebcfa000,0x00000000ebd00000)
  to   space 2048K, 0% used [0x00000000eba00000,0x00000000eba00000,0x00000000ebc00000)
 ParOldGen       total 68608K, used 53633K [0x00000000c0000000, 0x00000000c4300000, 0x00000000eab00000)
  object space 68608K, 78% used [0x00000000c0000000,0x00000000c3460658,0x00000000c4300000)
 Metaspace       used 65995K, committed 67392K, reserved 1114112K
  class space    used 6926K, committed 7552K, reserved 1048576K
}
Event: 70.643 GC heap after
{Heap after GC invocations=54 (full 3):
 PSYoungGen      total 16896K, used 1337K [0x00000000eab00000, 0x00000000ebd00000, 0x0000000100000000)
  eden space 15360K, 0% used [0x00000000eab00000,0x00000000eab00000,0x00000000eba00000)
  from space 1536K, 87% used [0x00000000eba00000,0x00000000ebb4e508,0x00000000ebb80000)
  to   space 1536K, 0% used [0x00000000ebb80000,0x00000000ebb80000,0x00000000ebd00000)
 ParOldGen       total 68608K, used 54665K [0x00000000c0000000, 0x00000000c4300000, 0x00000000eab00000)
  object space 68608K, 79% used [0x00000000c0000000,0x00000000c3562590,0x00000000c4300000)
 Metaspace       used 65995K, committed 67392K, reserved 1114112K
  class space    used 6926K, committed 7552K, reserved 1048576K
}
Event: 70.675 GC heap before
{Heap before GC invocations=55 (full 3):
 PSYoungGen      total 16896K, used 16697K [0x00000000eab00000, 0x00000000ebd00000, 0x0000000100000000)
  eden space 15360K, 100% used [0x00000000eab00000,0x00000000eba00000,0x00000000eba00000)
  from space 1536K, 87% used [0x00000000eba00000,0x00000000ebb4e508,0x00000000ebb80000)
  to   space 1536K, 0% used [0x00000000ebb80000,0x00000000ebb80000,0x00000000ebd00000)
 ParOldGen       total 68608K, used 54665K [0x00000000c0000000, 0x00000000c4300000, 0x00000000eab00000)
  object space 68608K, 79% used [0x00000000c0000000,0x00000000c3562590,0x00000000c4300000)
 Metaspace       used 66029K, committed 67456K, reserved 1114112K
  class space    used 6931K, committed 7552K, reserved 1048576K
}
Event: 70.676 GC heap after
{Heap after GC invocations=55 (full 3):
 PSYoungGen      total 16896K, used 865K [0x00000000eab00000, 0x00000000ebd00000, 0x0000000100000000)
  eden space 15360K, 0% used [0x00000000eab00000,0x00000000eab00000,0x00000000eba00000)
  from space 1536K, 56% used [0x00000000ebb80000,0x00000000ebc58540,0x00000000ebd00000)
  to   space 1536K, 0% used [0x00000000eba00000,0x00000000eba00000,0x00000000ebb80000)
 ParOldGen       total 68608K, used 55462K [0x00000000c0000000, 0x00000000c4300000, 0x00000000eab00000)
  object space 68608K, 80% used [0x00000000c0000000,0x00000000c3629878,0x00000000c4300000)
 Metaspace       used 66029K, committed 67456K, reserved 1114112K
  class space    used 6931K, committed 7552K, reserved 1048576K
}
Event: 70.705 GC heap before
{Heap before GC invocations=56 (full 3):
 PSYoungGen      total 16896K, used 16225K [0x00000000eab00000, 0x00000000ebd00000, 0x0000000100000000)
  eden space 15360K, 100% used [0x00000000eab00000,0x00000000eba00000,0x00000000eba00000)
  from space 1536K, 56% used [0x00000000ebb80000,0x00000000ebc58540,0x00000000ebd00000)
  to   space 1536K, 0% used [0x00000000eba00000,0x00000000eba00000,0x00000000ebb80000)
 ParOldGen       total 68608K, used 55462K [0x00000000c0000000, 0x00000000c4300000, 0x00000000eab00000)
  object space 68608K, 80% used [0x00000000c0000000,0x00000000c3629878,0x00000000c4300000)
 Metaspace       used 66034K, committed 67456K, reserved 1114112K
  class space    used 6933K, committed 7552K, reserved 1048576K
}
Event: 70.707 GC heap after
{Heap after GC invocations=56 (full 3):
 PSYoungGen      total 16384K, used 983K [0x00000000eab00000, 0x00000000ebc00000, 0x0000000100000000)
  eden space 15360K, 0% used [0x00000000eab00000,0x00000000eab00000,0x00000000eba00000)
  from space 1024K, 96% used [0x00000000eba00000,0x00000000ebaf5d30,0x00000000ebb00000)
  to   space 1024K, 0% used [0x00000000ebb00000,0x00000000ebb00000,0x00000000ebc00000)
 ParOldGen       total 68608K, used 56165K [0x00000000c0000000, 0x00000000c4300000, 0x00000000eab00000)
  object space 68608K, 81% used [0x00000000c0000000,0x00000000c36d95c0,0x00000000c4300000)
 Metaspace       used 66034K, committed 67456K, reserved 1114112K
  class space    used 6933K, committed 7552K, reserved 1048576K
}
Event: 70.731 GC heap before
{Heap before GC invocations=57 (full 3):
 PSYoungGen      total 16384K, used 16343K [0x00000000eab00000, 0x00000000ebc00000, 0x0000000100000000)
  eden space 15360K, 100% used [0x00000000eab00000,0x00000000eba00000,0x00000000eba00000)
  from space 1024K, 96% used [0x00000000eba00000,0x00000000ebaf5d30,0x00000000ebb00000)
  to   space 1024K, 0% used [0x00000000ebb00000,0x00000000ebb00000,0x00000000ebc00000)
 ParOldGen       total 68608K, used 56165K [0x00000000c0000000, 0x00000000c4300000, 0x00000000eab00000)
  object space 68608K, 81% used [0x00000000c0000000,0x00000000c36d95c0,0x00000000c4300000)
 Metaspace       used 66113K, committed 67520K, reserved 1114112K
  class space    used 6938K, committed 7552K, reserved 1048576K
}
Event: 70.732 GC heap after
{Heap after GC invocations=57 (full 3):
 PSYoungGen      total 15360K, used 1004K [0x00000000eab00000, 0x00000000ebe00000, 0x0000000100000000)
  eden space 14336K, 0% used [0x00000000eab00000,0x00000000eab00000,0x00000000eb900000)
  from space 1024K, 98% used [0x00000000ebb00000,0x00000000ebbfb370,0x00000000ebc00000)
  to   space 2048K, 0% used [0x00000000eb900000,0x00000000eb900000,0x00000000ebb00000)
 ParOldGen       total 68608K, used 56953K [0x00000000c0000000, 0x00000000c4300000, 0x00000000eab00000)
  object space 68608K, 83% used [0x00000000c0000000,0x00000000c379e588,0x00000000c4300000)
 Metaspace       used 66113K, committed 67520K, reserved 1114112K
  class space    used 6938K, committed 7552K, reserved 1048576K
}
Event: 70.772 GC heap before
{Heap before GC invocations=58 (full 3):
 PSYoungGen      total 15360K, used 15340K [0x00000000eab00000, 0x00000000ebe00000, 0x0000000100000000)
  eden space 14336K, 100% used [0x00000000eab00000,0x00000000eb900000,0x00000000eb900000)
  from space 1024K, 98% used [0x00000000ebb00000,0x00000000ebbfb370,0x00000000ebc00000)
  to   space 2048K, 0% used [0x00000000eb900000,0x00000000eb900000,0x00000000ebb00000)
 ParOldGen       total 68608K, used 56953K [0x00000000c0000000, 0x00000000c4300000, 0x00000000eab00000)
  object space 68608K, 83% used [0x00000000c0000000,0x00000000c379e588,0x00000000c4300000)
 Metaspace       used 66185K, committed 67520K, reserved 1114112K
  class space    used 6949K, committed 7552K, reserved 1048576K
}
Event: 70.774 GC heap after
{Heap after GC invocations=58 (full 3):
 PSYoungGen      total 15872K, used 1102K [0x00000000eab00000, 0x00000000ebc00000, 0x0000000100000000)
  eden space 14336K, 0% used [0x00000000eab00000,0x00000000eab00000,0x00000000eb900000)
  from space 1536K, 71% used [0x00000000eb900000,0x00000000eba13938,0x00000000eba80000)
  to   space 1536K, 0% used [0x00000000eba80000,0x00000000eba80000,0x00000000ebc00000)
 ParOldGen       total 68608K, used 57736K [0x00000000c0000000, 0x00000000c4300000, 0x00000000eab00000)
  object space 68608K, 84% used [0x00000000c0000000,0x00000000c3862108,0x00000000c4300000)
 Metaspace       used 66185K, committed 67520K, reserved 1114112K
  class space    used 6949K, committed 7552K, reserved 1048576K
}
Event: 70.831 GC heap before
{Heap before GC invocations=59 (full 3):
 PSYoungGen      total 15872K, used 15438K [0x00000000eab00000, 0x00000000ebc00000, 0x0000000100000000)
  eden space 14336K, 100% used [0x00000000eab00000,0x00000000eb900000,0x00000000eb900000)
  from space 1536K, 71% used [0x00000000eb900000,0x00000000eba13938,0x00000000eba80000)
  to   space 1536K, 0% used [0x00000000eba80000,0x00000000eba80000,0x00000000ebc00000)
 ParOldGen       total 68608K, used 57736K [0x00000000c0000000, 0x00000000c4300000, 0x00000000eab00000)
  object space 68608K, 84% used [0x00000000c0000000,0x00000000c3862108,0x00000000c4300000)
 Metaspace       used 66220K, committed 67584K, reserved 1114112K
  class space    used 6955K, committed 7552K, reserved 1048576K
}
Event: 70.834 GC heap after
{Heap after GC invocations=59 (full 3):
 PSYoungGen      total 15360K, used 893K [0x00000000eab00000, 0x00000000ebb80000, 0x0000000100000000)
  eden space 14336K, 0% used [0x00000000eab00000,0x00000000eab00000,0x00000000eb900000)
  from space 1024K, 87% used [0x00000000eba80000,0x00000000ebb5f408,0x00000000ebb80000)
  to   space 1024K, 0% used [0x00000000eb980000,0x00000000eb980000,0x00000000eba80000)
 ParOldGen       total 68608K, used 58564K [0x00000000c0000000, 0x00000000c4300000, 0x00000000eab00000)
  object space 68608K, 85% used [0x00000000c0000000,0x00000000c3931338,0x00000000c4300000)
 Metaspace       used 66220K, committed 67584K, reserved 1114112K
  class space    used 6955K, committed 7552K, reserved 1048576K
}
Event: 70.951 GC heap before
{Heap before GC invocations=60 (full 3):
 PSYoungGen      total 15360K, used 15229K [0x00000000eab00000, 0x00000000ebb80000, 0x0000000100000000)
  eden space 14336K, 100% used [0x00000000eab00000,0x00000000eb900000,0x00000000eb900000)
  from space 1024K, 87% used [0x00000000eba80000,0x00000000ebb5f408,0x00000000ebb80000)
  to   space 1024K, 0% used [0x00000000eb980000,0x00000000eb980000,0x00000000eba80000)
 ParOldGen       total 68608K, used 58564K [0x00000000c0000000, 0x00000000c4300000, 0x00000000eab00000)
  object space 68608K, 85% used [0x00000000c0000000,0x00000000c3931338,0x00000000c4300000)
 Metaspace       used 66357K, committed 67712K, reserved 1114112K
  class space    used 6961K, committed 7552K, reserved 1048576K
}
Event: 70.953 GC heap after
{Heap after GC invocations=60 (full 3):
 PSYoungGen      total 15360K, used 1021K [0x00000000eab00000, 0x00000000ebb80000, 0x0000000100000000)
  eden space 14336K, 0% used [0x00000000eab00000,0x00000000eab00000,0x00000000eb900000)
  from space 1024K, 99% used [0x00000000eb980000,0x00000000eba7f7d8,0x00000000eba80000)
  to   space 1024K, 0% used [0x00000000eba80000,0x00000000eba80000,0x00000000ebb80000)
 ParOldGen       total 68608K, used 59386K [0x00000000c0000000, 0x00000000c4300000, 0x00000000eab00000)
  object space 68608K, 86% used [0x00000000c0000000,0x00000000c39feb90,0x00000000c4300000)
 Metaspace       used 66357K, committed 67712K, reserved 1114112K
  class space    used 6961K, committed 7552K, reserved 1048576K
}

